<?xml version="1.0" encoding="UTF-8"?>
<!-- Generated by org.testng.reporters.JUnitXMLReporter -->
<testsuite hostname="expertzlab21" name="Default test" tests="3" failures="0" timestamp="28 Sep 2018 12:08:10 GMT" time="10.139" errors="0">
  <testcase name="testMethod" time="1.126" classname="Expertzlab.TestNGSamples.ParameterWithDataProviderClassEx2"/>
  <testcase name="testMethod" time="1.096" classname="Expertzlab.TestNGSamples.ParameterWithDataProviderClassEx2"/>
  <testcase name="testMethod" time="1.094" classname="Expertzlab.TestNGSamples.ParameterWithDataProviderClassEx2"/>
</testsuite> <!-- Default test -->
