<?xml version="1.0" encoding="UTF-8"?>
<testng-results skipped="0" failed="0" total="3" passed="3">
  <reporter-output>
  </reporter-output>
  <suite name="Default suite" duration-ms="10139" started-at="2018-09-28T12:08:00Z" finished-at="2018-09-28T12:08:10Z">
    <groups>
    </groups>
    <test name="Default test" duration-ms="10139" started-at="2018-09-28T12:08:00Z" finished-at="2018-09-28T12:08:10Z">
      <class name="Expertzlab.TestNGSamples.ParameterWithDataProviderClassEx2">
        <test-method status="PASS" signature="setUp()[pri:0, instance:Expertzlab.TestNGSamples.ParameterWithDataProviderClassEx2@482f8f11]" name="setUp" is-config="true" duration-ms="6763" started-at="2018-09-28T17:38:00Z" finished-at="2018-09-28T17:38:07Z">
          <reporter-output>
          </reporter-output>
        </test-method> <!-- setUp -->
        <test-method status="PASS" signature="testMethod(java.lang.String, java.lang.String)[pri:0, instance:Expertzlab.TestNGSamples.ParameterWithDataProviderClassEx2@482f8f11]" name="testMethod" duration-ms="1126" started-at="2018-09-28T17:38:07Z" data-provider="SearchProvider" finished-at="2018-09-28T17:38:08Z">
          <params>
            <param index="0">
              <value>
                <![CDATA[CV]]>
              </value>
            </param>
            <param index="1">
              <value>
                <![CDATA[India]]>
              </value>
            </param>
          </params>
          <reporter-output>
          </reporter-output>
        </test-method> <!-- testMethod -->
        <test-method status="PASS" signature="testMethod(java.lang.String, java.lang.String)[pri:0, instance:Expertzlab.TestNGSamples.ParameterWithDataProviderClassEx2@482f8f11]" name="testMethod" duration-ms="1096" started-at="2018-09-28T17:38:08Z" data-provider="SearchProvider" finished-at="2018-09-28T17:38:09Z">
          <params>
            <param index="0">
              <value>
                <![CDATA[Philip]]>
              </value>
            </param>
            <param index="1">
              <value>
                <![CDATA[USA]]>
              </value>
            </param>
          </params>
          <reporter-output>
          </reporter-output>
        </test-method> <!-- testMethod -->
        <test-method status="PASS" signature="testMethod(java.lang.String, java.lang.String)[pri:0, instance:Expertzlab.TestNGSamples.ParameterWithDataProviderClassEx2@482f8f11]" name="testMethod" duration-ms="1094" started-at="2018-09-28T17:38:09Z" data-provider="SearchProvider" finished-at="2018-09-28T17:38:10Z">
          <params>
            <param index="0">
              <value>
                <![CDATA[Kotler]]>
              </value>
            </param>
            <param index="1">
              <value>
                <![CDATA[UK]]>
              </value>
            </param>
          </params>
          <reporter-output>
          </reporter-output>
        </test-method> <!-- testMethod -->
      </class> <!-- Expertzlab.TestNGSamples.ParameterWithDataProviderClassEx2 -->
    </test> <!-- Default test -->
  </suite> <!-- Default suite -->
</testng-results>
